<?xml version="1.0" encoding="UTF-8"?>
<!-- Generated by org.testng.reporters.JUnitReportReporter -->
<testsuite skipped="0" hostname="DESKTOP-V1KUBK8" name="testcases.CreateLead_Testcase" tests="1" failures="0" timestamp="22 Nov 2017 01:59:01 GMT" time="29.048" errors="0">
  <testcase name="leadCreation" time="29.048" classname="testcases.CreateLead_Testcase"/>
</testsuite> <!-- testcases.CreateLead_Testcase -->
